<?xml version="1.0" encoding="UTF-8"?>
<!-- Generated by org.testng.reporters.JUnitReportReporter -->
<testsuite hostname="MDerbala" failures="0" tests="2" name="tests.CreateUserErrorTest" time="0.585" errors="0" timestamp="2025-02-26T02:22:34 EET" skipped="0">
  <testcase classname="tests.CreateUserErrorTest" name="testInvalidUserCreation" time="0.318"/>
  <testcase classname="tests.CreateUserErrorTest" name="testInvalidUserCreationWithMalformedJSON" time="0.267"/>
</testsuite> <!-- tests.CreateUserErrorTest -->
