<?xml version="1.0" encoding="UTF-8"?>
<!-- Generated by org.testng.reporters.JUnitReportReporter -->
<testsuite hostname="MDerbala" failures="0" tests="1" name="tests.CreateUserTest" time="3.691" errors="0" timestamp="2025-02-26T02:22:34 EET" skipped="0">
  <testcase classname="tests.CreateUserTest" name="testCreateUser" time="3.691"/>
</testsuite> <!-- tests.CreateUserTest -->
