<?xml version="1.0" encoding="UTF-8"?>
<!-- Generated by org.testng.reporters.JUnitReportReporter -->
<testsuite hostname="MDerbala" failures="0" tests="1" name="tests.GetUserErrorTest" time="0.215" errors="0" timestamp="2025-02-26T02:22:34 EET" skipped="0">
  <testcase classname="tests.GetUserErrorTest" name="testGetNonExistentUser" time="0.215"/>
</testsuite> <!-- tests.GetUserErrorTest -->
