<?xml version="1.0" encoding="UTF-8"?>
<!-- Generated by org.testng.reporters.JUnitReportReporter -->
<testsuite hostname="MDerbala" failures="0" tests="1" name="tests.GetUserTest" time="0.356" errors="0" timestamp="2025-02-26T02:22:34 EET" skipped="0">
  <testcase classname="tests.GetUserTest" name="testGetUser" time="0.356"/>
</testsuite> <!-- tests.GetUserTest -->
