<?xml version="1.0" encoding="UTF-8"?>
<!-- Generated by org.testng.reporters.JUnitReportReporter -->
<testsuite hostname="MDerbala" failures="0" tests="1" name="tests.UpdateUserTest" time="0.340" errors="0" timestamp="2025-02-26T02:22:34 EET" skipped="0">
  <testcase classname="tests.UpdateUserTest" name="testUpdateUser" time="0.340"/>
</testsuite> <!-- tests.UpdateUserTest -->
